/home/centos/.local/lib/python3.6/site-packages/torch/utils/cpp_extension.py:256: UserWarning: 

                               !! WARNING !!

!!!!!!!!!!!!!!!!!!!!!!!!!!!!!!!!!!!!!!!!!!!!!!!!!!!!!!!!!!!!!!!!!!!!!!!!!!!!!!!
Your compiler (c++) is not compatible with the compiler Pytorch was
built with for this platform, which is g++ on linux. Please
use g++ to to compile your extension. Alternatively, you may
compile PyTorch from source using c++, and then you can also use
c++ to compile your extension.

See https://github.com/pytorch/pytorch/blob/master/CONTRIBUTING.md for help
with compiling PyTorch from source.
!!!!!!!!!!!!!!!!!!!!!!!!!!!!!!!!!!!!!!!!!!!!!!!!!!!!!!!!!!!!!!!!!!!!!!!!!!!!!!!

                              !! WARNING !!

  platform=sys.platform))
Input tensor from python(1,1,.,.) = 
  0.2812  0.5778  0.7867  0.0632
  0.5389  0.7684  0.8636  0.8002
  0.1677  0.7274  0.6062  0.7350
  0.1763  0.0994  0.5527  0.3774

(1,2,.,.) = 
  0.4943  0.1483  0.2903  0.4924
  0.6294  0.5636  0.5777  0.6988
  0.4383  0.7545  0.0780  0.2041
  0.7574  0.3923  0.8836  0.7973

(1,3,.,.) = 
  0.4917  0.9091  0.8579  0.6577
  0.0964  0.3158  0.0443  0.8502
  0.1627  0.3862  0.5664  0.8982
  0.7670  0.3090  0.7475  0.6539
[ CPUFloatType{1,3,4,4} ]
Kernel tensor from python(1,1,.,.) = 
  0.3808  0.3479  0.0708
  0.3242  0.0104  0.2735
  0.2671  0.9204  0.5975

(1,2,.,.) = 
  0.0459  0.6986  0.9141
  0.1507  0.3445  0.1067
  0.1539  0.2089  0.6737

(1,3,.,.) = 
  0.1601  0.9668  0.1105
  0.1944  0.2976  0.6204
  0.2029  0.1945  0.1925
[ CPUFloatType{1,3,3,3} ]

Filter size is : 3
Input height is : 4
Input width is : 4
New unfolded image(1,.,.) = 
  0.2812  0.5778  0.5389  0.7684
  0.5778  0.7867  0.7684  0.8636
  0.7867  0.0632  0.8636  0.8002
  0.5389  0.7684  0.1677  0.7274
  0.7684  0.8636  0.7274  0.6062
  0.8636  0.8002  0.6062  0.7350
  0.1677  0.7274  0.1763  0.0994
  0.7274  0.6062  0.0994  0.5527
  0.6062  0.7350  0.5527  0.3774
  0.4943  0.1483  0.6294  0.5636
  0.1483  0.2903  0.5636  0.5777
  0.2903  0.4924  0.5777  0.6988
  0.6294  0.5636  0.4383  0.7545
  0.5636  0.5777  0.7545  0.0780
  0.5777  0.6988  0.0780  0.2041
  0.4383  0.7545  0.7574  0.3923
  0.7545  0.0780  0.3923  0.8836
  0.0780  0.2041  0.8836  0.7973
  0.4917  0.9091  0.0964  0.3158
  0.9091  0.8579  0.3158  0.0443
  0.8579  0.6577  0.0443  0.8502
  0.0964  0.3158  0.1627  0.3862
  0.3158  0.0443  0.3862  0.5664
  0.0443  0.8502  0.5664  0.8982
  0.1627  0.3862  0.7670  0.3090
  0.3862  0.5664  0.3090  0.7475
  0.5664  0.8982  0.7475  0.6539
[ CPUFloatType{1,27,4} ]After padding(1,.,.) = 
 Columns 1 to 9  0.2812  0.5778  0.5389  0.7684  0.0000  0.0000  0.0000  0.0000  0.0000
  0.5778  0.7867  0.7684  0.8636  0.0000  0.0000  0.0000  0.0000  0.0000
  0.7867  0.0632  0.8636  0.8002  0.0000  0.0000  0.0000  0.0000  0.0000
  0.5389  0.7684  0.1677  0.7274  0.0000  0.0000  0.0000  0.0000  0.0000
  0.7684  0.8636  0.7274  0.6062  0.0000  0.0000  0.0000  0.0000  0.0000
  0.8636  0.8002  0.6062  0.7350  0.0000  0.0000  0.0000  0.0000  0.0000
  0.1677  0.7274  0.1763  0.0994  0.0000  0.0000  0.0000  0.0000  0.0000
  0.7274  0.6062  0.0994  0.5527  0.0000  0.0000  0.0000  0.0000  0.0000
  0.6062  0.7350  0.5527  0.3774  0.0000  0.0000  0.0000  0.0000  0.0000
  0.4943  0.1483  0.6294  0.5636  0.0000  0.0000  0.0000  0.0000  0.0000
  0.1483  0.2903  0.5636  0.5777  0.0000  0.0000  0.0000  0.0000  0.0000
  0.2903  0.4924  0.5777  0.6988  0.0000  0.0000  0.0000  0.0000  0.0000
  0.6294  0.5636  0.4383  0.7545  0.0000  0.0000  0.0000  0.0000  0.0000
  0.5636  0.5777  0.7545  0.0780  0.0000  0.0000  0.0000  0.0000  0.0000
  0.5777  0.6988  0.0780  0.2041  0.0000  0.0000  0.0000  0.0000  0.0000
  0.4383  0.7545  0.7574  0.3923  0.0000  0.0000  0.0000  0.0000  0.0000
  0.7545  0.0780  0.3923  0.8836  0.0000  0.0000  0.0000  0.0000  0.0000
  0.0780  0.2041  0.8836  0.7973  0.0000  0.0000  0.0000  0.0000  0.0000
  0.4917  0.9091  0.0964  0.3158  0.0000  0.0000  0.0000  0.0000  0.0000
  0.9091  0.8579  0.3158  0.0443  0.0000  0.0000  0.0000  0.0000  0.0000
  0.8579  0.6577  0.0443  0.8502  0.0000  0.0000  0.0000  0.0000  0.0000
  0.0964  0.3158  0.1627  0.3862  0.0000  0.0000  0.0000  0.0000  0.0000
  0.3158  0.0443  0.3862  0.5664  0.0000  0.0000  0.0000  0.0000  0.0000
  0.0443  0.8502  0.5664  0.8982  0.0000  0.0000  0.0000  0.0000  0.0000
  0.1627  0.3862  0.7670  0.3090  0.0000  0.0000  0.0000  0.0000  0.0000
  0.3862  0.5664  0.3090  0.7475  0.0000  0.0000  0.0000  0.0000  0.0000
  0.5664  0.8982  0.7475  0.6539  0.0000  0.0000  0.0000  0.0000  0.0000
  0.0000  0.0000  0.0000  0.0000  0.0000  0.0000  0.0000  0.0000  0.0000
  0.0000  0.0000  0.0000  0.0000  0.0000  0.0000  0.0000  0.0000  0.0000
  0.0000  0.0000  0.0000  0.0000  0.0000  0.0000  0.0000  0.0000  0.0000
  0.0000  0.0000  0.0000  0.0000  0.0000  0.0000  0.0000  0.0000  0.0000
  0.0000  0.0000  0.0000  0.0000  0.0000  0.0000  0.0000  0.0000  0.0000

Columns 10 to 18  0.0000  0.0000  0.0000  0.0000  0.0000  0.0000  0.0000  0.0000  0.0000
  0.0000  0.0000  0.0000  0.0000  0.0000  0.0000  0.0000  0.0000  0.0000
  0.0000  0.0000  0.0000  0.0000  0.0000  0.0000  0.0000  0.0000  0.0000
  0.0000  0.0000  0.0000  0.0000  0.0000  0.0000  0.0000  0.0000  0.0000
  0.0000  0.0000  0.0000  0.0000  0.0000  0.0000  0.0000  0.0000  0.0000
  0.0000  0.0000  0.0000  0.0000  0.0000  0.0000  0.0000  0.0000  0.0000
  0.0000  0.0000  0.0000  0.0000  0.0000  0.0000  0.0000  0.0000  0.0000
  0.0000  0.0000  0.0000  0.0000  0.0000  0.0000  0.0000  0.0000  0.0000
  0.0000  0.0000  0.0000  0.0000  0.0000  0.0000  0.0000  0.0000  0.0000
  0.0000  0.0000  0.0000  0.0000  0.0000  0.0000  0.0000  0.0000  0.0000
  0.0000  0.0000  0.0000  0.0000  0.0000  0.0000  0.0000  0.0000  0.0000
  0.0000  0.0000  0.0000  0.0000  0.0000  0.0000  0.0000  0.0000  0.0000
  0.0000  0.0000  0.0000  0.0000  0.0000  0.0000  0.0000  0.0000  0.0000
  0.0000  0.0000  0.0000  0.0000  0.0000  0.0000  0.0000  0.0000  0.0000
  0.0000  0.0000  0.0000  0.0000  0.0000  0.0000  0.0000  0.0000  0.0000
  0.0000  0.0000  0.0000  0.0000  0.0000  0.0000  0.0000  0.0000  0.0000
  0.0000  0.0000  0.0000  0.0000  0.0000  0.0000  0.0000  0.0000  0.0000
  0.0000  0.0000  0.0000  0.0000  0.0000  0.0000  0.0000  0.0000  0.0000
  0.0000  0.0000  0.0000  0.0000  0.0000  0.0000  0.0000  0.0000  0.0000
  0.0000  0.0000  0.0000  0.0000  0.0000  0.0000  0.0000  0.0000  0.0000
  0.0000  0.0000  0.0000  0.0000  0.0000  0.0000  0.0000  0.0000  0.0000
  0.0000  0.0000  0.0000  0.0000  0.0000  0.0000  0.0000  0.0000  0.0000
  0.0000  0.0000  0.0000  0.0000  0.0000  0.0000  0.0000  0.0000  0.0000
  0.0000  0.0000  0.0000  0.0000  0.0000  0.0000  0.0000  0.0000  0.0000
  0.0000  0.0000  0.0000  0.0000  0.0000  0.0000  0.0000  0.0000  0.0000
  0.0000  0.0000  0.0000  0.0000  0.0000  0.0000  0.0000  0.0000  0.0000
  0.0000  0.0000  0.0000  0.0000  0.0000  0.0000  0.0000  0.0000  0.0000
  0.0000  0.0000  0.0000  0.0000  0.0000  0.0000  0.0000  0.0000  0.0000
  0.0000  0.0000  0.0000  0.0000  0.0000  0.0000  0.0000  0.0000  0.0000
  0.0000  0.0000  0.0000  0.0000  0.0000  0.0000  0.0000  0.0000  0.0000
  0.0000  0.0000  0.0000  0.0000  0.0000  0.0000  0.0000  0.0000  0.0000
  0.0000  0.0000  0.0000  0.0000  0.0000  0.0000  0.0000  0.0000  0.0000

Columns 19 to 27  0.0000  0.0000  0.0000  0.0000  0.0000  0.0000  0.0000  0.0000  0.0000
  0.0000  0.0000  0.0000  0.0000  0.0000  0.0000  0.0000  0.0000  0.0000
  0.0000  0.0000  0.0000  0.0000  0.0000  0.0000  0.0000  0.0000  0.0000
  0.0000  0.0000  0.0000  0.0000  0.0000  0.0000  0.0000  0.0000  0.0000
  0.0000  0.0000  0.0000  0.0000  0.0000  0.0000  0.0000  0.0000  0.0000
  0.0000  0.0000  0.0000  0.0000  0.0000  0.0000  0.0000  0.0000  0.0000
  0.0000  0.0000  0.0000  0.0000  0.0000  0.0000  0.0000  0.0000  0.0000
  0.0000  0.0000  0.0000  0.0000  0.0000  0.0000  0.0000  0.0000  0.0000
  0.0000  0.0000  0.0000  0.0000  0.0000  0.0000  0.0000  0.0000  0.0000
  0.0000  0.0000  0.0000  0.0000  0.0000  0.0000  0.0000  0.0000  0.0000
  0.0000  0.0000  0.0000  0.0000  0.0000  0.0000  0.0000  0.0000  0.0000
  0.0000  0.0000  0.0000  0.0000  0.0000  0.0000  0.0000  0.0000  0.0000
  0.0000  0.0000  0.0000  0.0000  0.0000  0.0000  0.0000  0.0000  0.0000
  0.0000  0.0000  0.0000  0.0000  0.0000  0.0000  0.0000  0.0000  0.0000
  0.0000  0.0000  0.0000  0.0000  0.0000  0.0000  0.0000  0.0000  0.0000
  0.0000  0.0000  0.0000  0.0000  0.0000  0.0000  0.0000  0.0000  0.0000
  0.0000  0.0000  0.0000  0.0000  0.0000  0.0000  0.0000  0.0000  0.0000
  0.0000  0.0000  0.0000  0.0000  0.0000  0.0000  0.0000  0.0000  0.0000
  0.0000  0.0000  0.0000  0.0000  0.0000  0.0000  0.0000  0.0000  0.0000
  0.0000  0.0000  0.0000  0.0000  0.0000  0.0000  0.0000  0.0000  0.0000
  0.0000  0.0000  0.0000  0.0000  0.0000  0.0000  0.0000  0.0000  0.0000
  0.0000  0.0000  0.0000  0.0000  0.0000  0.0000  0.0000  0.0000  0.0000
  0.0000  0.0000  0.0000  0.0000  0.0000  0.0000  0.0000  0.0000  0.0000
  0.0000  0.0000  0.0000  0.0000  0.0000  0.0000  0.0000  0.0000  0.0000
  0.0000  0.0000  0.0000  0.0000  0.0000  0.0000  0.0000  0.0000  0.0000
  0.0000  0.0000  0.0000  0.0000  0.0000  0.0000  0.0000  0.0000  0.0000
  0.0000  0.0000  0.0000  0.0000  0.0000  0.0000  0.0000  0.0000  0.0000
  0.0000  0.0000  0.0000  0.0000  0.0000  0.0000  0.0000  0.0000  0.0000
  0.0000  0.0000  0.0000  0.0000  0.0000  0.0000  0.0000  0.0000  0.0000
  0.0000  0.0000  0.0000  0.0000  0.0000  0.0000  0.0000  0.0000  0.0000
  0.0000  0.0000  0.0000  0.0000  0.0000  0.0000  0.0000  0.0000  0.0000
  0.0000  0.0000  0.0000  0.0000  0.0000  0.0000  0.0000  0.0000  0.0000

Columns 28 to 32  0.0000  0.0000  0.0000  0.0000  0.0000
  0.0000  0.0000  0.0000  0.0000  0.0000
  0.0000  0.0000  0.0000  0.0000  0.0000
  0.0000  0.0000  0.0000  0.0000  0.0000
  0.0000  0.0000  0.0000  0.0000  0.0000
  0.0000  0.0000  0.0000  0.0000  0.0000
  0.0000  0.0000  0.0000  0.0000  0.0000
  0.0000  0.0000  0.0000  0.0000  0.0000
  0.0000  0.0000  0.0000  0.0000  0.0000
  0.0000  0.0000  0.0000  0.0000  0.0000
  0.0000  0.0000  0.0000  0.0000  0.0000
  0.0000  0.0000  0.0000  0.0000  0.0000
  0.0000  0.0000  0.0000  0.0000  0.0000
  0.0000  0.0000  0.0000  0.0000  0.0000
  0.0000  0.0000  0.0000  0.0000  0.0000
  0.0000  0.0000  0.0000  0.0000  0.0000
  0.0000  0.0000  0.0000  0.0000  0.0000
  0.0000  0.0000  0.0000  0.0000  0.0000
  0.0000  0.0000  0.0000  0.0000  0.0000
  0.0000  0.0000  0.0000  0.0000  0.0000
  0.0000  0.0000  0.0000  0.0000  0.0000
  0.0000  0.0000  0.0000  0.0000  0.0000
  0.0000  0.0000  0.0000  0.0000  0.0000
  0.0000  0.0000  0.0000  0.0000  0.0000
  0.0000  0.0000  0.0000  0.0000  0.0000
  0.0000  0.0000  0.0000  0.0000  0.0000
  0.0000  0.0000  0.0000  0.0000  0.0000
  0.0000  0.0000  0.0000  0.0000  0.0000
  0.0000  0.0000  0.0000  0.0000  0.0000
  0.0000  0.0000  0.0000  0.0000  0.0000
  0.0000  0.0000  0.0000  0.0000  0.0000
  0.0000  0.0000  0.0000  0.0000  0.0000
[ CPUFloatType{1,32,32} ]batch is : 1

Resized input vector0.281214 0.577834 0.786746 0.53892 0.768447 0.863642 0.167663 0.727401 0.606233 0.494303 0.148339 0.290261 0.629357 0.563589 0.577702 0.438332 0.754495 0.0780228 0.491691 0.90906 0.857852 0.096375 0.31581 0.0442877 0.162696 0.386182 0.566398 0 0 0 0 0 0.577834 0.786746 0.0632413 0.768447 0.863642 0.800239 0.727401 0.606233 0.734996 0.148339 0.290261 0.492379 0.563589 0.577702 0.698834 0.754495 0.0780228 0.20409 0.90906 0.857852 0.65766 0.31581 0.0442877 0.85019 0.386182 0.566398 0.898158 0 0 0 0 0 0.53892 0.768447 0.863642 0.167663 0.727401 0.606233 0.176299 0.0994326 0.552714 0.629357 0.563589 0.577702 0.438332 0.754495 0.0780228 0.757441 0.392276 0.883619 0.096375 0.31581 0.0442877 0.162696 0.386182 0.566398 0.767042 0.309013 0.7475 0 0 0 0 0 0.768447 0.863642 0.800239 0.727401 0.606233 0.734996 0.0994326 0.552714 0.37742 0.563589 0.577702 0.698834 0.754495 0.0780228 0.20409 0.392276 0.883619 0.797298 0.31581 0.0442877 0.85019 0.386182 0.566398 0.898158 0.309013 0.7475 0.653895 0 0 0 0 0 0 0 0 0 0 0 0 0 0 0 0 0 0 0 0 0 0 0 0 0 0 0 0 0 0 0 0 0 0 0 0 0 0 0 0 0 0 0 0 0 0 0 0 0 0 0 0 0 0 0 0 0 0 0 0 0 0 0 0 0 0 0 0 0 0 0 0 0 0 0 0 0 0 0 0 0 0 0 0 0 0 0 0 0 0 0 0 0 0 0 0 0 0 0 0 0 0 0 0 0 0 0 0 0 0 0 0 0 0 0 0 0 0 0 0 0 0 0 0 0 0 0 0 0 0 0 0 0 0 0 0 0 0 0 0 0 0 0 0 0 0 0 0 0 0 0 0 0 0 0 0 0 0 0 0 0 0 0 0 0 0 0 0 0 0 0 0 0 0 0 0 0 0 0 0 0 0 0 0 0 0 0 0 0 0 0 0 0 0 0 0 0 0 0 0 0 0 0 0 0 0 0 0 0 0 0 0 0 0 0 0 0 0 0 0 0 0 0 0 0 0 0 0 0 0 0 0 0 0 0 0 0 0 0 0 0 0 0 0 0 0 0 0 0 0 0 0 0 0 0 0 0 0 0 0 0 0 0 0 0 0 0 0 0 0 0 0 0 0 0 0 0 0 0 0 0 0 0 0 0 0 0 0 0 0 0 0 0 0 0 0 0 0 0 0 0 0 0 0 0 0 0 0 0 0 0 0 0 0 0 0 0 0 0 0 0 0 0 0 0 0 0 0 0 0 0 0 0 0 0 0 0 0 0 0 0 0 0 0 0 0 0 0 0 0 0 0 0 0 0 0 0 0 0 0 0 0 0 0 0 0 0 0 0 0 0 0 0 0 0 0 0 0 0 0 0 0 0 0 0 0 0 0 0 0 0 0 0 0 0 0 0 0 0 0 0 0 0 0 0 0 0 0 0 0 0 0 0 0 0 0 0 0 0 0 0 0 0 0 0 0 0 0 0 0 0 0 0 0 0 0 0 0 0 0 0 0 0 0 0 0 0 0 0 0 0 0 0 0 0 0 0 0 0 0 0 0 0 0 0 0 0 0 0 0 0 0 0 0 0 0 0 0 0 0 0 0 0 0 0 0 0 0 0 0 0 0 0 0 0 0 0 0 0 0 0 0 0 0 0 0 0 0 0 0 0 0 0 0 0 0 0 0 0 0 0 0 0 0 0 0 0 0 0 0 0 0 0 0 0 0 0 0 0 0 0 0 0 0 0 0 0 0 0 0 0 0 0 0 0 0 0 0 0 0 0 0 0 0 0 0 0 0 0 0 0 0 0 0 0 0 0 0 0 0 0 0 0 0 0 0 0 0 0 0 0 0 0 0 0 0 0 0 0 0 0 0 0 0 0 0 0 0 0 0 0 0 0 0 0 0 0 0 0 0 0 0 0 0 0 0 0 0 0 0 0 0 0 0 0 0 0 0 0 0 0 0 0 0 0 0 0 0 0 0 0 0 0 0 0 0 0 0 0 0 0 0 0 0 0 0 0 0 0 0 0 0 0 0 0 0 0 0 0 0 0 0 0 0 0 0 0 0 0 0 0 0 0 0 0 0 0 0 0 0 0 0 0 0 0 0 0 0 0 0 0 0 0 0 0 0 0 0 0 0 0 0 0 0 0 0 0 0 0 0 0 0 0 0 0 0 0 0 0 0 0 0 0 0 0 0 0 0 0 0 0 0 0 0 0 0 0 0 0 0 0 0 0 0 0 0 0 0 0 0 0 0 0 0 0 0 0 0 0 0 0 0 0 0 0 0 0 0 0 0 0 0 0 0 0 0 0 0 0 0 0 0 0 0 0 0 0 0 0 0 0 0 0 0 0 0 0 0 0 0 0 0 0 0 0 0 0 0 0 0 0 0 0 0 0 0 0 0 0 0 0 0 0 0 0 0 0 0 0 0 0 0 0 0 0 0 0 0 0 0 0 0 0 0 0 0 0 0 0 0 0 0 0 0 0 0 0 0 0 0 0 0 0 0 0 0 0 0 0 0 0 0 0 0 0 0 0 0 0 0 0
Resized filter vector0.380803 0.347895 0.0707948 0.324155 0.010352 0.273499 0.267056 0.920414 0.597502 0.0458758 0.698623 0.914116 0.150664 0.344523 0.106658 0.153945 0.208865 0.673694 0.160069 0.966848 0.110542 0.194405 0.297591 0.620444 0.202852 0.194544 0.192465 0 0 0 0 0 0 0 0 0 0 0 0 0 0 0 0 0 0 0 0 0 0 0 0 0 0 0 0 0 0 0 0 0 0 0 0 0 0 0 0 0 0 0 0 0 0 0 0 0 0 0 0 0 0 0 0 0 0 0 0 0 0 0 0 0 0 0 0 0 0 0 0 0 0 0 0 0 0 0 0 0 0 0 0 0 0 0 0 0 0 0 0 0 0 0 0 0 0 0 0 0 0 0 0 0 0 0 0 0 0 0 0 0 0 0 0 0 0 0 0 0 0 0 0 0 0 0 0 0 0 0 0 0 0 0 0 0 0 0 0 0 0 0 0 0 0 0 0 0 0 0 0 0 0 0 0 0 0 0 0 0 0 0 0 0 0 0 0 0 0 0 0 0 0 0 0 0 0 0 0 0 0 0 0 0 0 0 0 0 0 0 0 0 0 0 0 0 0 0 0 0 0 0 0 0 0 0 0 0 0 0 0 0 0 0 0 0 0 0 0 0 0 0 0 0 0 0 0 0 0 0 0 0 0 0 0 0 0 0 0 0 0 0 0 0 0 0 0 0 0 0 0 0 0 0 0 0 0 0 0 0 0 0 0 0 0 0 0 0 0 0 0 0 0 0 0 0 0 0 0 0 0 0 0 0 0 0 0 0 0 0 0 0 0 0 0 0 0 0 0 0 0 0 0 0 0 0 0 0 0 0 0 0 0 0 0 0 0 0 0 0 0 0 0 0 0 0 0 0 0 0 0 0 0 0 0 0 0 0 0 0 0 0 0 0 0 0 0 0 0 0 0 0 0 0 0 0 0 0 0 0 0 0 0 0 0 0 0 0 0 0 0 0 0 0 0 0 0 0 0 0 0 0 0 0 0 0 0 0 0 0 0 0 0 0 0 0 0 0 0 0 0 0 0 0 0 0 0 0 0 0 0 0 0 0 0 0 0 0 0 0 0 0 0 0 0 0 0 0 0 0 0 0 0 0 0 0 0 0 0 0 0 0 0 0 0 0 0 0 0 0 0 0 0 0 0 0 0 0 0 0 0 0 0 0 0 0 0 0 0 0 0 0 0 0 0 0 0 0 0 0 0 0 0 0 0 0 0 0 0 0 0 0 0 0 0 0 0 0 0 0 0 0 0 0 0 0 0 0 0 0 0 0 0 0 0 0 0 0 0 0 0 0 0 0 0 0 0 0 0 0 0 0 0 0 0 0 0 0 0 0 0 0 0 0 0 0 0 0 0 0 0 0 0 0 0 0 0 0 0 0 0 0 0 0 0 0 0 0 0 0 0 0 0 0 0 0 0 0 0 0 0 0 0 0 0 0 0 0 0 0 0 0 0 0 0 0 0 0 0 0 0 0 0 0 0 0 0 0 0 0 0 0 0 0 0 0 0 0 0 0 0 0 0 0 0 0 0 0 0 0 0 0 0 0 0 0 0 0 0 0 0 0 0 0 0 0 0 0 0 0 0 0 0 0 0 0 0 0 0 0 0 0 0 0 0 0 0 0 0 0 0 0 0 0 0 0 0 0 0 0 0 0 0 0 0 0 0 0 0 0 0 0 0 0 0 0 0 0 0 0 0 0 0 0 0 0 0 0 0 0 0 0 0 0 0 0 0 0 0 0 0 0 0 0 0 0 0 0 0 0 0 0 0 0 0 0 0 0 0 0 0 0 0 0 0 0 0 0 0 0 0 0 0 0 0 0 0 0 0 0 0 0 0 0 0 0 0 0 0 0 0 0 0 0 0 0 0 0 0 0 0 0 0 0 0 0 0 0 0 0 0 0 0 0 0 0 0 0 0 0 0 0 0 0 0 0 0 0 0 0 0 0 0 0 0 0 0 0 0 0 0 0 0 0 0 0 0 0 0 0 0 0 0 0 0 0 0 0 0 0 0 0 0 0 0 0 0 0 0 0 0 0 0 0 0 0 0 0 0 0 0 0 0 0 0 0 0 0 0 0 0 0 0 0 0 0 0 0 0 0 0 0 0 0 0 0 0 0 0 0 0 0 0 0 0 0 0 0 0 0 0 0 0 0 0 0 0 0 0 0 0 0 0 0 0 0 0 0 0 0 0 0 0 0 0 0 0 0 0 0 0 0 0 0 0 0 0 0 0 0 0 0 0 0 0 0 0 0 0 0 0 0 0 0 0 0 0 0 0 0 0 0 0 0 0 0 0 0 0 0 0 0 0 0 0 0 0 0 0 0 0 0 0 0 0 0 0 0 0 0 0 0 0 0 0 0
No. of cols in ip32
No. of rows in ip32
No. of cols in kernel32
No. of rows in kernel32
1D padded input vector0.281214 0.577834 0.786746 0.53892 0.768447 0.863642 0.167663 0.727401 0.606233 0.494303 0.148339 0.290261 0.629357 0.563589 0.577702 0.438332 0.754495 0.0780228 0.491691 0.90906 0.857852 0.096375 0.31581 0.0442877 0.162696 0.386182 0.566398 0 0 0 0 0 0.577834 0.786746 0.0632413 0.768447 0.863642 0.800239 0.727401 0.606233 0.734996 0.148339 0.290261 0.492379 0.563589 0.577702 0.698834 0.754495 0.0780228 0.20409 0.90906 0.857852 0.65766 0.31581 0.0442877 0.85019 0.386182 0.566398 0.898158 0 0 0 0 0 0.53892 0.768447 0.863642 0.167663 0.727401 0.606233 0.176299 0.0994326 0.552714 0.629357 0.563589 0.577702 0.438332 0.754495 0.0780228 0.757441 0.392276 0.883619 0.096375 0.31581 0.0442877 0.162696 0.386182 0.566398 0.767042 0.309013 0.7475 0 0 0 0 0 0.768447 0.863642 0.800239 0.727401 ...
1D padded kernel vector0.380803 0.347895 0.0707948 0.324155 0.010352 0.273499 0.267056 0.920414 0.597502 0.0458758 0.698623 0.914116 0.150664 0.344523 0.106658 0.153945 0.208865 0.673694 0.160069 0.966848 0.110542 0.194405 0.297591 0.620444 0.202852 0.194544 0.192465 0 0 0 0 0 0 0 0 0 0 0 0 0 0 0 0 0 0 0 0 0 0 0 0 0 0 0 0 0 0 0 0 0 0 0 0 0 0 0 0 0 0 0 0 0 0 0 0 0 0 0 0 0 0 0 0 0 0 0 0 0 0 0 0 0 0 0 0 0 0 0 0 0 ...
Connection to 44.193.81.201 closed.
