This script expects to be ran from its parent directory and is not the most robust
Sourcing vitis-setup...
~/aws-fpga ~
INFO: Setting up environment variables
INFO: Changing AWS_FPGA_REPO_DIR from /home/centos/src/project_data/aws-fpga to /home/centos/aws-fpga
INFO: Sourcing sdk_setup.sh
INFO: Setting up environment variables
DEBUG: AWS_FPGA_REPO_DIR=/home/centos/aws-fpga
Entering /home/centos/aws-fpga/sdk/userspace/utils
rm -f *.o *.a ../lib/libutils.a
cc -DCONFIG_LOGLEVEL=0 -DFPGA_PCI_BARS_MAX=64 -DCLI_VERSION='"1.4.16"' -g -std=gnu99 -fPIC -Wall -Werror -W -Wno-parentheses -Wstrict-prototypes -Wmissing-prototypes -I. -I../include -I/usr/include   -c -o io.o io.c
cc -DCONFIG_LOGLEVEL=0 -DFPGA_PCI_BARS_MAX=64 -DCLI_VERSION='"1.4.16"' -g -std=gnu99 -fPIC -Wall -Werror -W -Wno-parentheses -Wstrict-prototypes -Wmissing-prototypes -I. -I../include -I/usr/include   -c -o log.o log.c
cc -DCONFIG_LOGLEVEL=0 -DFPGA_PCI_BARS_MAX=64 -DCLI_VERSION='"1.4.16"' -g -std=gnu99 -fPIC -Wall -Werror -W -Wno-parentheses -Wstrict-prototypes -Wmissing-prototypes -I. -I../include -I/usr/include   -c -o logger-kmsg.o logger-kmsg.c
mkdir -p ../lib
ar rcs ../lib/libutils.a io.o log.o logger-kmsg.o
Entering /home/centos/aws-fpga/sdk/userspace/fpga_libs/fpga_pci
rm -f *.o ../../lib/libfpga_pci.a
cc -DCONFIG_LOGLEVEL=0 -DFPGA_PCI_BARS_MAX=64 -DCLI_VERSION='"1.4.16"' -g -std=gnu99 -fPIC -Wall -Werror -W -Wno-parentheses -Wstrict-prototypes -Wmissing-prototypes -I. -I../../include -I/usr/include   -c -o fpga_pci.o fpga_pci.c
cc -DCONFIG_LOGLEVEL=0 -DFPGA_PCI_BARS_MAX=64 -DCLI_VERSION='"1.4.16"' -g -std=gnu99 -fPIC -Wall -Werror -W -Wno-parentheses -Wstrict-prototypes -Wmissing-prototypes -I. -I../../include -I/usr/include   -c -o fpga_pci_sysfs.o fpga_pci_sysfs.c
mkdir -p ../../lib
ar rcs ../../lib/libfpga_pci.a fpga_pci.o fpga_pci_sysfs.o
Entering /home/centos/aws-fpga/sdk/userspace/fpga_libs/fpga_dma
rm -f *.o ../../lib/libfpga_dma.a
cc -DCONFIG_LOGLEVEL=0 -DFPGA_PCI_BARS_MAX=64 -DCLI_VERSION='"1.4.16"' -g -std=gnu99 -fPIC -Wall -Werror -W -Wno-parentheses -Wstrict-prototypes -Wmissing-prototypes -I. -I../../include -I/usr/include   -c -o fpga_dma_utils.o fpga_dma_utils.c
mkdir -p ../../lib
ar rcs ../../lib/libfpga_dma.a fpga_dma_utils.o
Entering /home/centos/aws-fpga/sdk/userspace/fpga_libs/fpga_mgmt
rm -f *.o ../../lib/libfpga_mgmt.a ../../lib/so/libfpga_mgmt.so.1.0.0
cc -DCONFIG_LOGLEVEL=0 -DFPGA_PCI_BARS_MAX=64 -DCLI_VERSION='"1.4.16"' -g -std=gnu99 -fPIC -Wall -Werror -W -Wno-parentheses -Wstrict-prototypes -Wmissing-prototypes -I. -I../../include -I/usr/include   -c -o fpga_mgmt_cmd.o fpga_mgmt_cmd.c
cc -DCONFIG_LOGLEVEL=0 -DFPGA_PCI_BARS_MAX=64 -DCLI_VERSION='"1.4.16"' -g -std=gnu99 -fPIC -Wall -Werror -W -Wno-parentheses -Wstrict-prototypes -Wmissing-prototypes -I. -I../../include -I/usr/include   -c -o fpga_mgmt.o fpga_mgmt.c
cc -DCONFIG_LOGLEVEL=0 -DFPGA_PCI_BARS_MAX=64 -DCLI_VERSION='"1.4.16"' -g -std=gnu99 -fPIC -Wall -Werror -W -Wno-parentheses -Wstrict-prototypes -Wmissing-prototypes -I. -I../../include -I/usr/include   -c -o fpga_hal_mbox.o fpga_hal_mbox.c
mkdir -p ../../lib
for library in ../../lib/libfpga_pci.a ../../lib/libutils.a ../../lib/libfpga_dma.a; do ar -x $library; done
ar rcs ../../lib/libfpga_mgmt.a *.o
mkdir -p ../../lib/so
cc -o ../../lib/so/libfpga_mgmt.so.1.0.0 -shared fpga_mgmt_cmd.o fpga_mgmt.o fpga_hal_mbox.o -Wl,-soname,libfpga_mgmt.so.1 -Wl,--whole-archive ../../lib/libfpga_pci.a ../../lib/libutils.a ../../lib/libfpga_dma.a -Wl,--no-whole-archive -lrt -lpthread
ln -sf libfpga_mgmt.so.1.0.0 ../../lib/so/libfpga_mgmt.so
Entering /home/centos/aws-fpga/sdk/userspace/fpga_mgmt_tools/src
rm -f *.o *.a fpga-local-cmd static-fpga-local-cmd
cc -DCONFIG_LOGLEVEL=0 -DFPGA_PCI_BARS_MAX=64 -DCLI_VERSION='"1.4.16"' -g  -Wall -Werror -W -Wno-parentheses -Wstrict-prototypes -Wmissing-prototypes -I../../include/hal -I../../include -I../. -I.   -c -o fpga_local_cmd.o fpga_local_cmd.c
cc -DCONFIG_LOGLEVEL=0 -DFPGA_PCI_BARS_MAX=64 -DCLI_VERSION='"1.4.16"' -g  -Wall -Werror -W -Wno-parentheses -Wstrict-prototypes -Wmissing-prototypes -I../../include/hal -I../../include -I../. -I.   -c -o fpga_local_cmd_parse.o fpga_local_cmd_parse.c
cc -DCONFIG_LOGLEVEL=0 -DFPGA_PCI_BARS_MAX=64 -DCLI_VERSION='"1.4.16"' -g  -Wall -Werror -W -Wno-parentheses -Wstrict-prototypes -Wmissing-prototypes -I../../include/hal -I../../include -I../. -I.   -c -o virtual_jtag_pcie.o virtual_jtag_pcie.c
cc -DCONFIG_LOGLEVEL=0 -DFPGA_PCI_BARS_MAX=64 -DCLI_VERSION='"1.4.16"' -g  -Wall -Werror -W -Wno-parentheses -Wstrict-prototypes -Wmissing-prototypes -I../../include/hal -I../../include -I../. -I.   -c -o virtual_jtag_server.o virtual_jtag_server.c
cc -o fpga-local-cmd fpga_local_cmd.o fpga_local_cmd_parse.o virtual_jtag_pcie.o virtual_jtag_server.o -L../../lib/so -lfpga_mgmt 
cc -o static-fpga-local-cmd fpga_local_cmd.o fpga_local_cmd_parse.o virtual_jtag_pcie.o virtual_jtag_server.o -L../../lib -lfpga_mgmt -lrt -lpthread
Build complete.

Root privileges are required to install. You may be asked for your password...
Executing as root...

AWS FPGA: Copying Amazon FPGA Image (AFI) Management Tools to /usr/bin
AWS FPGA: Installing shared library to /usr/local/lib64
ldconfig: /usr/local/lib64/libstdc++.so.6.0.24-gdb.py is not an ELF file - it has the wrong magic bytes at the start.

	libfpga_mgmt.so.1 (libc6,x86-64) => /usr/local/lib64/libfpga_mgmt.so.1
AWS FPGA: Installing python bindings for FPGA management library
Installed /usr/lib64/python2.7/site-packages/fpga_dma.py
Installed /usr/lib64/python2.7/site-packages/fpga_mgmt.py
Installed /usr/lib64/python2.7/site-packages/fpga_pci.py
Installed /usr/local/lib64/python3.6/site-packages/fpga_dma.py
Installed /usr/local/lib64/python3.6/site-packages/fpga_mgmt.py
Installed /usr/local/lib64/python3.6/site-packages/fpga_pci.py
Installed /usr/lib64/python3.6/site-packages/fpga_dma.py
Installed /usr/lib64/python3.6/site-packages/fpga_mgmt.py
Installed /usr/lib64/python3.6/site-packages/fpga_pci.py
AWS FPGA: Done with Amazon FPGA Image (AFI) Management Tools install.
Done with SDK install.
INFO: sdk_setup.sh PASSED
INFO: XILINX_VITIS is already set to /opt/Xilinx/Vitis/2020.1
RELEASE_VER equals 2020.1
INFO:  XILINX_VITIS is set to /opt/Xilinx/Vitis/2020.1
INFO: Using Vitis 2020.1
INFO: Updating Xilinx Vitis Examples 2020.1
perl: warning: Setting locale failed.
perl: warning: Please check that your locale settings:
	LANGUAGE = (unset),
	LC_ALL = (unset),
	LANG = "C.UTF-8"
    are supported and installed on your system.
perl: warning: Falling back to the standard locale ("C").
perl: warning: Setting locale failed.
perl: warning: Please check that your locale settings:
	LANGUAGE = (unset),
	LC_ALL = (unset),
	LANG = "C.UTF-8"
    are supported and installed on your system.
perl: warning: Falling back to the standard locale ("C").
HTTP/1.1 301 Moved Permanently
Server: CloudFront
Date: Wed, 01 Dec 2021 03:58:54 GMT
Content-Type: text/html
Content-Length: 183
Connection: keep-alive
Location: https://www.amazon.com/
X-Cache: Redirect from cloudfront
Via: 1.1 b13c6d10b44fd12a68a8ca01d540a750.cloudfront.net (CloudFront)
X-Amz-Cf-Pop: IAD89-C2
X-Amz-Cf-Id: OWxMm9XW1f1AgtYea1f-kC-oNVReFKIKL3gtD8ThnZynoitJ4esNEA==

INFO: Internet Access OK
INFO: Checking ICD is installed
INFO: Found 'libxilinxopencl.so
INFO: AWS Platform: 201920_2 Vitis Platform is up-to-date
INFO: XRT Install, non-dev
INFO: The default AWS Platform has been set to: "AWS_PLATFORM=$AWS_PLATFORM_201920_2" 
INFO: Vitis Setup PASSED
INFO: To run a runtime example, start the MPD service by calling: `systemctl is-active --quiet mpd || sudo systemctl start mpd`
~
Sourced vitis-setup
Fixing localization...
Fixed localization
Created relevant directories
v++ -t sw_emu --config q4/configs/design.cfg \
	--log_dir q4/logs \
	--report_dir q4/reports \
	--platform /home/centos/aws-fpga/Vitis/aws_platform/xilinx_aws-vu9p-f1_shell-v04261818_201920_2/xilinx_aws-vu9p-f1_shell-v04261818_201920_2.xpfm \
	--compile --kernel multadd \
	-I q4/src -o q4/build/multadd.sw_emu.xo q4/src/multadd.cpp
Option Map File Used: '/opt/Xilinx/Vitis/2020.1/data/vitis/vpp/optMap.xml'

****** v++ v2020.1 (64-bit)
  **** SW Build 2902540 on Wed May 27 19:54:35 MDT 2020
    ** Copyright 1986-2020 Xilinx, Inc. All Rights Reserved.

INFO: [v++ 60-1306] Additional information associated with this v++ compile can be found at:
	Reports: /home/centos/q4/reports/multadd.sw_emu
	Log files: /home/centos/q4/logs/multadd.sw_emu
INFO: [v++ 60-1657] Initializing dispatch client.
Running Dispatch Server on port:33073
INFO: [v++ 60-1548] Creating build summary session with primary output /home/centos/q4/build/multadd.sw_emu.xo.compile_summary, at Wed Dec  1 03:59:12 2021
INFO: [v++ 60-1316] Initiating connection to rulecheck server, at Wed Dec  1 03:59:12 2021
Running Rule Check Server on port:33921
INFO: [v++ 60-1315] Creating rulecheck session with output '/home/centos/q4/reports/multadd.sw_emu/v++_compile_multadd.sw_emu_guidance.html', at Wed Dec  1 03:59:13 2021
INFO: [v++ 60-895]   Target platform: /home/centos/aws-fpga/Vitis/aws_platform/xilinx_aws-vu9p-f1_shell-v04261818_201920_2/xilinx_aws-vu9p-f1_shell-v04261818_201920_2.xpfm
INFO: [v++ 60-1578]   This platform contains Xilinx Shell Archive '/home/centos/aws-fpga/Vitis/aws_platform/xilinx_aws-vu9p-f1_shell-v04261818_201920_2/hw/xilinx_aws-vu9p-f1_shell-v04261818_201920_2.xsa'
INFO: [v++ 60-585] Compiling for software emulation target
INFO: [v++ 60-423]   Target device: xilinx_aws-vu9p-f1_shell-v04261818_201920_2
INFO: [v++ 60-242] Creating kernel: 'multadd'
INFO: [v++ 60-594] Finished kernel compilation
INFO: [v++ 60-586] Created q4/build/multadd.sw_emu.xo
INFO: [v++ 60-2343] Use the vitis_analyzer tool to visualize and navigate the relevant reports. Run the following command. 
    vitis_analyzer /home/centos/q4/build/multadd.sw_emu.xo.compile_summary 
INFO: [v++ 60-791] Total elapsed time: 0h 0m 32s
INFO: [v++ 60-1653] Closing dispatch client.
mv q4/build/*compile_summary q4/reports/multadd.sw_emu/
Compiled kernel
v++ -t sw_emu --config q4/configs/design.cfg \
	--log_dir q4/logs \
	--report_dir q4/reports \
	--platform /home/centos/aws-fpga/Vitis/aws_platform/xilinx_aws-vu9p-f1_shell-v04261818_201920_2/xilinx_aws-vu9p-f1_shell-v04261818_201920_2.xpfm \
	--link -o q4/build/multadd.sw_emu.xclbin q4/build/multadd.sw_emu.xo
Option Map File Used: '/opt/Xilinx/Vitis/2020.1/data/vitis/vpp/optMap.xml'

****** v++ v2020.1 (64-bit)
  **** SW Build 2902540 on Wed May 27 19:54:35 MDT 2020
    ** Copyright 1986-2020 Xilinx, Inc. All Rights Reserved.

INFO: [v++ 60-897] Reading --xp value from platform: param:compiler.lockFlowCritSlackThreshold=0
INFO: [v++ 60-897] Reading --xp value from platform: vivado_param:hd.routingContainmentAreaExpansion=true
INFO: [v++ 60-897] Reading --xp value from platform: vivado_param:hd.supportClockNetCrossDiffReconfigurablePartitions=1
INFO: [v++ 60-897] Reading --xp value from platform: vivado_param:bitstream.enablePR=4123
INFO: [v++ 60-897] Reading --xp value from platform: vivado_param:physynth.ultraRAMOptOutput=false
INFO: [v++ 60-897] Reading --xp value from platform: vivado_prop:run.__KERNEL__.{STEPS.SYNTH_DESIGN.ARGS.MAX_URAM_CASCADE_HEIGHT}={1}
INFO: [v++ 60-897] Reading --xp value from platform: vivado_param:synth.elaboration.rodinMoreOptions={rt::set_parameter disableOregPackingUram true}
WARNING: [v++ 60-642] Invalid or deprecated parameter name: compiler.lockFlowCritSlackThreshold
INFO: [v++ 60-1306] Additional information associated with this v++ link can be found at:
	Reports: /home/centos/q4/reports/link
	Log files: /home/centos/q4/logs/link
INFO: [v++ 60-1657] Initializing dispatch client.
Running Dispatch Server on port:41229
INFO: [v++ 60-1548] Creating build summary session with primary output /home/centos/q4/build/multadd.sw_emu.xclbin.link_summary, at Wed Dec  1 03:59:46 2021
INFO: [v++ 60-1316] Initiating connection to rulecheck server, at Wed Dec  1 03:59:46 2021
Running Rule Check Server on port:41874
INFO: [v++ 60-1315] Creating rulecheck session with output '/home/centos/q4/reports/link/v++_link_multadd.sw_emu_guidance.html', at Wed Dec  1 03:59:47 2021
INFO: [v++ 60-895]   Target platform: /home/centos/aws-fpga/Vitis/aws_platform/xilinx_aws-vu9p-f1_shell-v04261818_201920_2/xilinx_aws-vu9p-f1_shell-v04261818_201920_2.xpfm
INFO: [v++ 60-1578]   This platform contains Xilinx Shell Archive '/home/centos/aws-fpga/Vitis/aws_platform/xilinx_aws-vu9p-f1_shell-v04261818_201920_2/hw/xilinx_aws-vu9p-f1_shell-v04261818_201920_2.xsa'

INFO: [v++ 60-629] Linking for software emulation target
INFO: [v++ 60-423]   Target device: xilinx_aws-vu9p-f1_shell-v04261818_201920_2
INFO: [v++ 60-645] kernel flags are '-g -I /home/centos/q4/src -g'
INFO: [v++ 60-586] Created q4/build/multadd.sw_emu.xclbin
INFO: [v++ 60-1307] Run completed. Additional information can be found in:
	Guidance: /home/centos/q4/reports/link/v++_link_multadd.sw_emu_guidance.html
	Steps Log File: /home/centos/q4/logs/link/link.steps.log

INFO: [v++ 60-2343] Use the vitis_analyzer tool to visualize and navigate the relevant reports. Run the following command. 
    vitis_analyzer /home/centos/q4/build/multadd.sw_emu.xclbin.link_summary 
INFO: [v++ 60-791] Total elapsed time: 0h 0m 17s
INFO: [v++ 60-1653] Closing dispatch client.
mv q4/build/*link_summary q4/reports/multadd.sw_emu/
Linked kernel

****** configutil v2020.1 (64-bit)
  **** SW Build 2902540 on Wed May 27 19:54:35 MDT 2020
    ** Copyright 1986-2020 Xilinx, Inc. All Rights Reserved.

INFO: [ConfigUtil 60-895]   Target platform: /home/centos/aws-fpga/Vitis/aws_platform/xilinx_aws-vu9p-f1_shell-v04261818_201920_2/xilinx_aws-vu9p-f1_shell-v04261818_201920_2.xpfm
INFO: [ConfigUtil 60-1578]   This platform contains Xilinx Shell Archive '/home/centos/aws-fpga/Vitis/aws_platform/xilinx_aws-vu9p-f1_shell-v04261818_201920_2/hw/xilinx_aws-vu9p-f1_shell-v04261818_201920_2.xsa'
emulation configuration file `emconfig.json` is created in q4/build directory 
Set emulation variables
Running host code with kernel...
Running host code with kernel...
Found Platform
Platform Name: Xilinx
INFO: Reading ./q4/build/multadd.sw_emu.xclbin
Loading: './q4/build/multadd.sw_emu.xclbin'
Trying to program device[0]: xilinx_aws-vu9p-f1_shell-v04261818_201920_2
Device[0]: program successful!

Host ---------- Number of blocks: 4

Kernel ---------- Number of Kernel Calls: 1

Kernel ---------- C_temp: 0

Kernel ---------- Number of blocks: 4

Host ---------- Number of blocks: 4

Kernel ---------- Number of Kernel Calls: 2

Kernel ---------- C_temp: 0

Kernel ---------- Number of blocks: 4

Host ---------- Number of blocks: 4

Kernel ---------- Number of Kernel Calls: 3

Kernel ---------- C_temp: 0

Kernel ---------- Number of blocks: 4

Host ---------- Number of blocks: 4

Kernel ---------- Number of Kernel Calls: 4

Kernel ---------- C_temp: 0

Kernel ---------- Number of blocks: 4

Host ---------- Number of blocks: 4

Kernel ---------- Number of Kernel Calls: 5

Kernel ---------- C_temp: 250

Kernel ---------- Number of blocks: 4

Host ---------- Number of blocks: 3

Kernel ---------- Number of Kernel Calls: 6

Kernel ---------- C_temp: 604

Kernel ---------- Number of blocks: 3

Host ---------- Number of blocks: 2

Kernel ---------- Number of Kernel Calls: 7

Kernel ---------- C_temp: 930

Kernel ---------- Number of blocks: 2

Host ---------- Number of blocks: 1

Kernel ---------- Number of Kernel Calls: 8

Kernel ---------- C_temp: 1226

Kernel ---------- Number of blocks: 1

Host ---------- Number of blocks: 4

Kernel ---------- Number of Kernel Calls: 9

Kernel ---------- C_temp: 250

Kernel ---------- Number of blocks: 4

Host ---------- Number of blocks: 3

Kernel ---------- Number of Kernel Calls: 10

Kernel ---------- C_temp: 540

Kernel ---------- Number of blocks: 3

Host ---------- Number of blocks: 2

Kernel ---------- Number of Kernel Calls: 11

Kernel ---------- C_temp: 818

Kernel ---------- Number of blocks: 2

Host ---------- Number of blocks: 1

Kernel ---------- Number of Kernel Calls: 12

Kernel ---------- C_temp: 1112

Kernel ---------- Number of blocks: 1

Host ---------- Number of blocks: 4

Kernel ---------- Number of Kernel Calls: 13

Kernel ---------- C_temp: 260

Kernel ---------- Number of blocks: 4

Host ---------- Number of blocks: 3

Kernel ---------- Number of Kernel Calls: 14

Kernel ---------- C_temp: 606

Kernel ---------- Number of blocks: 3

Host ---------- Number of blocks: 2

Kernel ---------- Number of Kernel Calls: 15

Kernel ---------- C_temp: 896

Kernel ---------- Number of blocks: 2

Host ---------- Number of blocks: 1

Kernel ---------- Number of Kernel Calls: 16

Kernel ---------- C_temp: 1218

Kernel ---------- Number of blocks: 1

Host ---------- Number of blocks: 4

Kernel ---------- Number of Kernel Calls: 17

Kernel ---------- C_temp: 230

Kernel ---------- Number of blocks: 4

Host ---------- Number of blocks: 3

Kernel ---------- Number of Kernel Calls: 18

Kernel ---------- C_temp: 482

Kernel ---------- Number of blocks: 3

Host ---------- Number of blocks: 2

Kernel ---------- Number of Kernel Calls: 19

Kernel ---------- C_temp: 764

Kernel ---------- Number of blocks: 2

Host ---------- Number of blocks: 1

Kernel ---------- Number of Kernel Calls: 20

Kernel ---------- C_temp: 974

Kernel ---------- Number of blocks: 1

Host ---------- Number of blocks: 4

Kernel ---------- Number of Kernel Calls: 21

Kernel ---------- C_temp: 290

Kernel ---------- Number of blocks: 4

Host ---------- Number of blocks: 3

Kernel ---------- Number of Kernel Calls: 22

Kernel ---------- C_temp: 500

Kernel ---------- Number of blocks: 3

Host ---------- Number of blocks: 2

Kernel ---------- Number of Kernel Calls: 23

Kernel ---------- C_temp: 778

Kernel ---------- Number of blocks: 2

Host ---------- Number of blocks: 1

Kernel ---------- Number of Kernel Calls: 24

Kernel ---------- C_temp: 1042

Kernel ---------- Number of blocks: 1

Host ---------- Number of blocks: 4

Kernel ---------- Number of Kernel Calls: 25

Kernel ---------- C_temp: 374

Kernel ---------- Number of blocks: 4

Host ---------- Number of blocks: 3

Kernel ---------- Number of Kernel Calls: 26

Kernel ---------- C_temp: 624

Kernel ---------- Number of blocks: 3

Host ---------- Number of blocks: 2

Kernel ---------- Number of Kernel Calls: 27

Kernel ---------- C_temp: 978

Kernel ---------- Number of blocks: 2

Host ---------- Number of blocks: 1

Kernel ---------- Number of Kernel Calls: 28

Kernel ---------- C_temp: 1304

Kernel ---------- Number of blocks: 1

Host ---------- Number of blocks: 4

Kernel ---------- Number of Kernel Calls: 29

Kernel ---------- C_temp: 328

Kernel ---------- Number of blocks: 4

Host ---------- Number of blocks: 3

Kernel ---------- Number of Kernel Calls: 30

Kernel ---------- C_temp: 578

Kernel ---------- Number of blocks: 3

Host ---------- Number of blocks: 2

Kernel ---------- Number of Kernel Calls: 31

Kernel ---------- C_temp: 868

Kernel ---------- Number of blocks: 2

Host ---------- Number of blocks: 1

Kernel ---------- Number of Kernel Calls: 32

Kernel ---------- C_temp: 1146

Kernel ---------- Number of blocks: 1

Host ---------- Number of blocks: 4

Kernel ---------- Number of Kernel Calls: 33

Kernel ---------- C_temp: 382

Kernel ---------- Number of blocks: 4

Host ---------- Number of blocks: 3

Kernel ---------- Number of Kernel Calls: 34

Kernel ---------- C_temp: 642

Kernel ---------- Number of blocks: 3

Host ---------- Number of blocks: 2

Kernel ---------- Number of Kernel Calls: 35

Kernel ---------- C_temp: 988

Kernel ---------- Number of blocks: 2

Host ---------- Number of blocks: 1

Kernel ---------- Number of Kernel Calls: 36

Kernel ---------- C_temp: 1278

Kernel ---------- Number of blocks: 1

Host ---------- Number of blocks: 4

Kernel ---------- Number of Kernel Calls: 37

Kernel ---------- C_temp: 210

Kernel ---------- Number of blocks: 4

Host ---------- Number of blocks: 3

Kernel ---------- Number of Kernel Calls: 38

Kernel ---------- C_temp: 516

Kernel ---------- Number of blocks: 3

Host ---------- Number of blocks: 2

Kernel ---------- Number of Kernel Calls: 39

Kernel ---------- C_temp: 746

Kernel ---------- Number of blocks: 2

Host ---------- Number of blocks: 1

Kernel ---------- Number of Kernel Calls: 40

Kernel ---------- C_temp: 998

Kernel ---------- Number of blocks: 1

Host ---------- Number of blocks: 4

Kernel ---------- Number of Kernel Calls: 41

Kernel ---------- C_temp: 238

Kernel ---------- Number of blocks: 4

Host ---------- Number of blocks: 3

Kernel ---------- Number of Kernel Calls: 42

Kernel ---------- C_temp: 528

Kernel ---------- Number of blocks: 3

Host ---------- Number of blocks: 2

Kernel ---------- Number of Kernel Calls: 43

Kernel ---------- C_temp: 738

Kernel ---------- Number of blocks: 2

Host ---------- Number of blocks: 1

Kernel ---------- Number of Kernel Calls: 44

Kernel ---------- C_temp: 1016

Kernel ---------- Number of blocks: 1

Host ---------- Number of blocks: 4

Kernel ---------- Number of Kernel Calls: 45

Kernel ---------- C_temp: 296

Kernel ---------- Number of blocks: 4

Host ---------- Number of blocks: 3

Kernel ---------- Number of Kernel Calls: 46

Kernel ---------- C_temp: 670

Kernel ---------- Number of blocks: 3

Host ---------- Number of blocks: 2

Kernel ---------- Number of Kernel Calls: 47

Kernel ---------- C_temp: 920

Kernel ---------- Number of blocks: 2

Host ---------- Number of blocks: 1

Kernel ---------- Number of Kernel Calls: 48

Kernel ---------- C_temp: 1274

Kernel ---------- Number of blocks: 1

Host ---------- Number of blocks: 4

Kernel ---------- Number of Kernel Calls: 49

Kernel ---------- C_temp: 294

Kernel ---------- Number of blocks: 4

Host ---------- Number of blocks: 3

Kernel ---------- Number of Kernel Calls: 50

Kernel ---------- C_temp: 622

Kernel ---------- Number of blocks: 3

Host ---------- Number of blocks: 2

Kernel ---------- Number of Kernel Calls: 51

Kernel ---------- C_temp: 872

Kernel ---------- Number of blocks: 2

Host ---------- Number of blocks: 1

Kernel ---------- Number of Kernel Calls: 52

Kernel ---------- C_temp: 1162

Kernel ---------- Number of blocks: 1

Host ---------- Number of blocks: 4

Kernel ---------- Number of Kernel Calls: 53

Kernel ---------- C_temp: 290

Kernel ---------- Number of blocks: 4

Host ---------- Number of blocks: 3

Kernel ---------- Number of Kernel Calls: 54

Kernel ---------- C_temp: 612

Kernel ---------- Number of blocks: 3

Host ---------- Number of blocks: 2

Kernel ---------- Number of Kernel Calls: 55

Kernel ---------- C_temp: 994

Kernel ---------- Number of blocks: 2

Host ---------- Number of blocks: 1

Kernel ---------- Number of Kernel Calls: 56

Kernel ---------- C_temp: 1254

Kernel ---------- Number of blocks: 1

Host ---------- Number of blocks: 4

Kernel ---------- Number of Kernel Calls: 57

Kernel ---------- C_temp: 282

Kernel ---------- Number of blocks: 4

Host ---------- Number of blocks: 3

Kernel ---------- Number of Kernel Calls: 58

Kernel ---------- C_temp: 492

Kernel ---------- Number of blocks: 3

Host ---------- Number of blocks: 2

Kernel ---------- Number of Kernel Calls: 59

Kernel ---------- C_temp: 798

Kernel ---------- Number of blocks: 2

Host ---------- Number of blocks: 1

Kernel ---------- Number of Kernel Calls: 60

Kernel ---------- C_temp: 1028

Kernel ---------- Number of blocks: 1

Host ---------- Number of blocks: 4

Kernel ---------- Number of Kernel Calls: 61

Kernel ---------- C_temp: 264

Kernel ---------- Number of blocks: 4

Host ---------- Number of blocks: 3

Kernel ---------- Number of Kernel Calls: 62

Kernel ---------- C_temp: 502

Kernel ---------- Number of blocks: 3

Host ---------- Number of blocks: 2

Kernel ---------- Number of Kernel Calls: 63

Kernel ---------- C_temp: 792

Kernel ---------- Number of blocks: 2

Host ---------- Number of blocks: 1

Kernel ---------- Number of Kernel Calls: 64

Kernel ---------- C_temp: 1002

Kernel ---------- Number of blocks: 1

Host ---------- Number of blocks: 4

Kernel ---------- Number of Kernel Calls: 65

Kernel ---------- C_temp: 326

Kernel ---------- Number of blocks: 4

Host ---------- Number of blocks: 3

Kernel ---------- Number of Kernel Calls: 66

Kernel ---------- C_temp: 622

Kernel ---------- Number of blocks: 3

Host ---------- Number of blocks: 2

Kernel ---------- Number of Kernel Calls: 67

Kernel ---------- C_temp: 996

Kernel ---------- Number of blocks: 2

Host ---------- Number of blocks: 1

Kernel ---------- Number of Kernel Calls: 68

Kernel ---------- C_temp: 1246

Kernel ---------- Number of blocks: 1
For DATA_SIZE= 64: 0.06 secs
TEST PASSED
Finished run
Connection to 3.237.88.116 closed.
